Build started 22.11.2022 18:06:09.
     1>Project "C:\Users\Krystian\Documents\Plugin_AdvancedParticles\source\Plugin_AdvancedParticles.vcxproj" on node 2 (build target(s)).
     1>InitializeBuildStatus:
         Touching "Debug\Plugin_AdvancedParticles.unsuccessfulbuild".
       ClCompile:
         All outputs are up-to-date.
       ResourceCompile:
         All outputs are up-to-date.
       ManifestResourceCompile:
         All outputs are up-to-date.
       Link:
         C:\Program Files (x86)\Microsoft Visual Studio 10.0\VC\bin\link.exe /ERRORREPORT:PROMPT /OUT:"C:\Users\Krystian\Documents\Plugin_AdvancedParticles\source\Debug\Plugin_AdvancedParticles.dll" /INCREMENTAL /NOLOGO kernel32.lib user32.lib gdi32.lib winspool.lib comdlg32.lib advapi32.lib shell32.lib ole32.lib oleaut32.lib uuid.lib odbc32.lib odbccp32.lib /MANIFEST /ManifestFile:"Debug\Plugin_AdvancedParticles.dll.intermediate.manifest" /MANIFESTUAC:"level='asInvoker' uiAccess='false'" /DEBUG /PDB:"C:\Users\Krystian\Documents\Plugin_AdvancedParticles\source\Debug\Plugin_AdvancedParticles.pdb" /MAP:"C:\Users\Krystian\Documents\Plugin_AdvancedParticles\source\Debug\Plugin_AdvancedParticles.map" /MAPINFO:EXPORTS /ASSEMBLYDEBUG /SUBSYSTEM:WINDOWS /TLBID:1 /DYNAMICBASE /NXCOMPAT /IMPLIB:"C:\Users\Krystian\Documents\Plugin_AdvancedParticles\source\Debug\Plugin_AdvancedParticles.lib" /MACHINE:X86 /DLL Debug\PlugIn_trng.res
         Debug\Plugin_AdvancedParticles.dll.embed.manifest.res
         Debug\DefTomb4Funct.obj
         Debug\particle.obj
         Debug\utilities.obj
         Debug\vector3f.obj
         Debug\PlugIn_AdvancedParticles.obj
         Debug\StdAfx.obj
         Debug\Tomb4Discoveries_mine.obj
         Debug\trng.obj
       Manifest:
         C:\Program Files (x86)\Microsoft SDKs\Windows\v7.0A\bin\mt.exe /nologo /verbose /out:"Debug\Plugin_AdvancedParticles.dll.embed.manifest" /manifest Debug\Plugin_AdvancedParticles.dll.intermediate.manifest
         All outputs are up-to-date.
       LinkEmbedManifest:
         All outputs are up-to-date.
         Plugin_AdvancedParticles.vcxproj -> C:\Users\Krystian\Documents\Plugin_AdvancedParticles\source\Debug\Plugin_AdvancedParticles.dll
       FinalizeBuildStatus:
         Deleting file "Debug\Plugin_AdvancedParticles.unsuccessfulbuild".
         Touching "Debug\Plugin_AdvancedParticles.lastbuildstate".
     1>Done Building Project "C:\Users\Krystian\Documents\Plugin_AdvancedParticles\source\Plugin_AdvancedParticles.vcxproj" (build target(s)).

Build succeeded.

Time Elapsed 00:00:00.62
